[27-Apr-2017 06:29:13 UTC] PHP Fatal error:  Uncaught ReflectionException: Class config does not exist in /home/ubuntu/workspace/laravel-todomvc/vendor/laravel/framework/src/Illuminate/Container/Container.php:719
Stack trace:
#0 /home/ubuntu/workspace/laravel-todomvc/vendor/laravel/framework/src/Illuminate/Container/Container.php(719): ReflectionClass->__construct('config')
#1 /home/ubuntu/workspace/laravel-todomvc/vendor/laravel/framework/src/Illuminate/Container/Container.php(598): Illuminate\Container\Container->build('config')
#2 /home/ubuntu/workspace/laravel-todomvc/vendor/laravel/framework/src/Illuminate/Container/Container.php(567): Illuminate\Container\Container->resolve('config')
#3 /home/ubuntu/workspace/laravel-todomvc/vendor/laravel/framework/src/Illuminate/Foundation/Application.php(708): Illuminate\Container\Container->make('config')
#4 /home/ubuntu/workspace/laravel-todomvc/vendor/laravel/framework/src/Illuminate/Foundation/helpers.php(107): Illuminate\Foundation\Application->make('config')
#5 /home/ubuntu/workspace/laravel-todomvc/vendo in /home/ubuntu/workspace/laravel-todomvc/vendor/laravel/framework/src/Illuminate/Container/Container.php on line 719
[27-Apr-2017 06:29:19 UTC] PHP Fatal error:  Uncaught ReflectionException: Class config does not exist in /home/ubuntu/workspace/laravel-todomvc/vendor/laravel/framework/src/Illuminate/Container/Container.php:719
Stack trace:
#0 /home/ubuntu/workspace/laravel-todomvc/vendor/laravel/framework/src/Illuminate/Container/Container.php(719): ReflectionClass->__construct('config')
#1 /home/ubuntu/workspace/laravel-todomvc/vendor/laravel/framework/src/Illuminate/Container/Container.php(598): Illuminate\Container\Container->build('config')
#2 /home/ubuntu/workspace/laravel-todomvc/vendor/laravel/framework/src/Illuminate/Container/Container.php(567): Illuminate\Container\Container->resolve('config')
#3 /home/ubuntu/workspace/laravel-todomvc/vendor/laravel/framework/src/Illuminate/Foundation/Application.php(708): Illuminate\Container\Container->make('config')
#4 /home/ubuntu/workspace/laravel-todomvc/vendor/laravel/framework/src/Illuminate/Foundation/helpers.php(107): Illuminate\Foundation\Application->make('config')
#5 /home/ubuntu/workspace/laravel-todomvc/vendo in /home/ubuntu/workspace/laravel-todomvc/vendor/laravel/framework/src/Illuminate/Container/Container.php on line 719
[27-Apr-2017 06:29:51 UTC] PHP Fatal error:  Uncaught ReflectionException: Class config does not exist in /home/ubuntu/workspace/laravel-todomvc/vendor/laravel/framework/src/Illuminate/Container/Container.php:719
Stack trace:
#0 /home/ubuntu/workspace/laravel-todomvc/vendor/laravel/framework/src/Illuminate/Container/Container.php(719): ReflectionClass->__construct('config')
#1 /home/ubuntu/workspace/laravel-todomvc/vendor/laravel/framework/src/Illuminate/Container/Container.php(598): Illuminate\Container\Container->build('config')
#2 /home/ubuntu/workspace/laravel-todomvc/vendor/laravel/framework/src/Illuminate/Container/Container.php(567): Illuminate\Container\Container->resolve('config')
#3 /home/ubuntu/workspace/laravel-todomvc/vendor/laravel/framework/src/Illuminate/Foundation/Application.php(708): Illuminate\Container\Container->make('config')
#4 /home/ubuntu/workspace/laravel-todomvc/vendor/laravel/framework/src/Illuminate/Foundation/helpers.php(107): Illuminate\Foundation\Application->make('config')
#5 /home/ubuntu/workspace/laravel-todomvc/vendo in /home/ubuntu/workspace/laravel-todomvc/vendor/laravel/framework/src/Illuminate/Container/Container.php on line 719
[27-Apr-2017 06:30:05 UTC] PHP Fatal error:  Uncaught ReflectionException: Class config does not exist in /home/ubuntu/workspace/laravel-todomvc/vendor/laravel/framework/src/Illuminate/Container/Container.php:719
Stack trace:
#0 /home/ubuntu/workspace/laravel-todomvc/vendor/laravel/framework/src/Illuminate/Container/Container.php(719): ReflectionClass->__construct('config')
#1 /home/ubuntu/workspace/laravel-todomvc/vendor/laravel/framework/src/Illuminate/Container/Container.php(598): Illuminate\Container\Container->build('config')
#2 /home/ubuntu/workspace/laravel-todomvc/vendor/laravel/framework/src/Illuminate/Container/Container.php(567): Illuminate\Container\Container->resolve('config')
#3 /home/ubuntu/workspace/laravel-todomvc/vendor/laravel/framework/src/Illuminate/Foundation/Application.php(708): Illuminate\Container\Container->make('config')
#4 /home/ubuntu/workspace/laravel-todomvc/vendor/laravel/framework/src/Illuminate/Foundation/helpers.php(107): Illuminate\Foundation\Application->make('config')
#5 /home/ubuntu/workspace/laravel-todomvc/vendo in /home/ubuntu/workspace/laravel-todomvc/vendor/laravel/framework/src/Illuminate/Container/Container.php on line 719
[27-Apr-2017 06:30:11 UTC] PHP Fatal error:  Uncaught ReflectionException: Class config does not exist in /home/ubuntu/workspace/laravel-todomvc/vendor/laravel/framework/src/Illuminate/Container/Container.php:719
Stack trace:
#0 /home/ubuntu/workspace/laravel-todomvc/vendor/laravel/framework/src/Illuminate/Container/Container.php(719): ReflectionClass->__construct('config')
#1 /home/ubuntu/workspace/laravel-todomvc/vendor/laravel/framework/src/Illuminate/Container/Container.php(598): Illuminate\Container\Container->build('config')
#2 /home/ubuntu/workspace/laravel-todomvc/vendor/laravel/framework/src/Illuminate/Container/Container.php(567): Illuminate\Container\Container->resolve('config')
#3 /home/ubuntu/workspace/laravel-todomvc/vendor/laravel/framework/src/Illuminate/Foundation/Application.php(708): Illuminate\Container\Container->make('config')
#4 /home/ubuntu/workspace/laravel-todomvc/vendor/laravel/framework/src/Illuminate/Foundation/helpers.php(107): Illuminate\Foundation\Application->make('config')
#5 /home/ubuntu/workspace/laravel-todomvc/vendo in /home/ubuntu/workspace/laravel-todomvc/vendor/laravel/framework/src/Illuminate/Container/Container.php on line 719
[27-Apr-2017 06:31:07 UTC] PHP Fatal error:  Uncaught ReflectionException: Class config does not exist in /home/ubuntu/workspace/laravel-todomvc/vendor/laravel/framework/src/Illuminate/Container/Container.php:719
Stack trace:
#0 /home/ubuntu/workspace/laravel-todomvc/vendor/laravel/framework/src/Illuminate/Container/Container.php(719): ReflectionClass->__construct('config')
#1 /home/ubuntu/workspace/laravel-todomvc/vendor/laravel/framework/src/Illuminate/Container/Container.php(598): Illuminate\Container\Container->build('config')
#2 /home/ubuntu/workspace/laravel-todomvc/vendor/laravel/framework/src/Illuminate/Container/Container.php(567): Illuminate\Container\Container->resolve('config')
#3 /home/ubuntu/workspace/laravel-todomvc/vendor/laravel/framework/src/Illuminate/Foundation/Application.php(708): Illuminate\Container\Container->make('config')
#4 /home/ubuntu/workspace/laravel-todomvc/vendor/laravel/framework/src/Illuminate/Foundation/helpers.php(107): Illuminate\Foundation\Application->make('config')
#5 /home/ubuntu/workspace/laravel-todomvc/vendo in /home/ubuntu/workspace/laravel-todomvc/vendor/laravel/framework/src/Illuminate/Container/Container.php on line 719
[27-Apr-2017 06:32:08 UTC] PHP Fatal error:  Uncaught ReflectionException: Class config does not exist in /home/ubuntu/workspace/laravel-todomvc/vendor/laravel/framework/src/Illuminate/Container/Container.php:719
Stack trace:
#0 /home/ubuntu/workspace/laravel-todomvc/vendor/laravel/framework/src/Illuminate/Container/Container.php(719): ReflectionClass->__construct('config')
#1 /home/ubuntu/workspace/laravel-todomvc/vendor/laravel/framework/src/Illuminate/Container/Container.php(598): Illuminate\Container\Container->build('config')
#2 /home/ubuntu/workspace/laravel-todomvc/vendor/laravel/framework/src/Illuminate/Container/Container.php(567): Illuminate\Container\Container->resolve('config')
#3 /home/ubuntu/workspace/laravel-todomvc/vendor/laravel/framework/src/Illuminate/Foundation/Application.php(708): Illuminate\Container\Container->make('config')
#4 /home/ubuntu/workspace/laravel-todomvc/vendor/laravel/framework/src/Illuminate/Foundation/helpers.php(107): Illuminate\Foundation\Application->make('config')
#5 /home/ubuntu/workspace/laravel-todomvc/vendo in /home/ubuntu/workspace/laravel-todomvc/vendor/laravel/framework/src/Illuminate/Container/Container.php on line 719
[27-Apr-2017 06:32:18 UTC] PHP Fatal error:  Uncaught ReflectionException: Class config does not exist in /home/ubuntu/workspace/laravel-todomvc/vendor/laravel/framework/src/Illuminate/Container/Container.php:719
Stack trace:
#0 /home/ubuntu/workspace/laravel-todomvc/vendor/laravel/framework/src/Illuminate/Container/Container.php(719): ReflectionClass->__construct('config')
#1 /home/ubuntu/workspace/laravel-todomvc/vendor/laravel/framework/src/Illuminate/Container/Container.php(598): Illuminate\Container\Container->build('config')
#2 /home/ubuntu/workspace/laravel-todomvc/vendor/laravel/framework/src/Illuminate/Container/Container.php(567): Illuminate\Container\Container->resolve('config')
#3 /home/ubuntu/workspace/laravel-todomvc/vendor/laravel/framework/src/Illuminate/Foundation/Application.php(708): Illuminate\Container\Container->make('config')
#4 /home/ubuntu/workspace/laravel-todomvc/vendor/laravel/framework/src/Illuminate/Foundation/helpers.php(107): Illuminate\Foundation\Application->make('config')
#5 /home/ubuntu/workspace/laravel-todomvc/vendo in /home/ubuntu/workspace/laravel-todomvc/vendor/laravel/framework/src/Illuminate/Container/Container.php on line 719
[27-Apr-2017 06:32:58 UTC] PHP Fatal error:  Uncaught ReflectionException: Class config does not exist in /home/ubuntu/workspace/laravel-todomvc/vendor/laravel/framework/src/Illuminate/Container/Container.php:719
Stack trace:
#0 /home/ubuntu/workspace/laravel-todomvc/vendor/laravel/framework/src/Illuminate/Container/Container.php(719): ReflectionClass->__construct('config')
#1 /home/ubuntu/workspace/laravel-todomvc/vendor/laravel/framework/src/Illuminate/Container/Container.php(598): Illuminate\Container\Container->build('config')
#2 /home/ubuntu/workspace/laravel-todomvc/vendor/laravel/framework/src/Illuminate/Container/Container.php(567): Illuminate\Container\Container->resolve('config')
#3 /home/ubuntu/workspace/laravel-todomvc/vendor/laravel/framework/src/Illuminate/Foundation/Application.php(708): Illuminate\Container\Container->make('config')
#4 /home/ubuntu/workspace/laravel-todomvc/vendor/laravel/framework/src/Illuminate/Foundation/helpers.php(107): Illuminate\Foundation\Application->make('config')
#5 /home/ubuntu/workspace/laravel-todomvc/vendo in /home/ubuntu/workspace/laravel-todomvc/vendor/laravel/framework/src/Illuminate/Container/Container.php on line 719
[27-Apr-2017 06:33:10 UTC] PHP Fatal error:  Uncaught ReflectionException: Class config does not exist in /home/ubuntu/workspace/laravel-todomvc/vendor/laravel/framework/src/Illuminate/Container/Container.php:719
Stack trace:
#0 /home/ubuntu/workspace/laravel-todomvc/vendor/laravel/framework/src/Illuminate/Container/Container.php(719): ReflectionClass->__construct('config')
#1 /home/ubuntu/workspace/laravel-todomvc/vendor/laravel/framework/src/Illuminate/Container/Container.php(598): Illuminate\Container\Container->build('config')
#2 /home/ubuntu/workspace/laravel-todomvc/vendor/laravel/framework/src/Illuminate/Container/Container.php(567): Illuminate\Container\Container->resolve('config')
#3 /home/ubuntu/workspace/laravel-todomvc/vendor/laravel/framework/src/Illuminate/Foundation/Application.php(708): Illuminate\Container\Container->make('config')
#4 /home/ubuntu/workspace/laravel-todomvc/vendor/laravel/framework/src/Illuminate/Foundation/helpers.php(107): Illuminate\Foundation\Application->make('config')
#5 /home/ubuntu/workspace/laravel-todomvc/vendo in /home/ubuntu/workspace/laravel-todomvc/vendor/laravel/framework/src/Illuminate/Container/Container.php on line 719
[27-Apr-2017 06:33:13 UTC] PHP Fatal error:  Uncaught ReflectionException: Class config does not exist in /home/ubuntu/workspace/laravel-todomvc/vendor/laravel/framework/src/Illuminate/Container/Container.php:719
Stack trace:
#0 /home/ubuntu/workspace/laravel-todomvc/vendor/laravel/framework/src/Illuminate/Container/Container.php(719): ReflectionClass->__construct('config')
#1 /home/ubuntu/workspace/laravel-todomvc/vendor/laravel/framework/src/Illuminate/Container/Container.php(598): Illuminate\Container\Container->build('config')
#2 /home/ubuntu/workspace/laravel-todomvc/vendor/laravel/framework/src/Illuminate/Container/Container.php(567): Illuminate\Container\Container->resolve('config')
#3 /home/ubuntu/workspace/laravel-todomvc/vendor/laravel/framework/src/Illuminate/Foundation/Application.php(708): Illuminate\Container\Container->make('config')
#4 /home/ubuntu/workspace/laravel-todomvc/vendor/laravel/framework/src/Illuminate/Foundation/helpers.php(107): Illuminate\Foundation\Application->make('config')
#5 /home/ubuntu/workspace/laravel-todomvc/vendo in /home/ubuntu/workspace/laravel-todomvc/vendor/laravel/framework/src/Illuminate/Container/Container.php on line 719
[27-Apr-2017 06:33:32 UTC] PHP Fatal error:  Uncaught ReflectionException: Class config does not exist in /home/ubuntu/workspace/laravel-todomvc/vendor/laravel/framework/src/Illuminate/Container/Container.php:719
Stack trace:
#0 /home/ubuntu/workspace/laravel-todomvc/vendor/laravel/framework/src/Illuminate/Container/Container.php(719): ReflectionClass->__construct('config')
#1 /home/ubuntu/workspace/laravel-todomvc/vendor/laravel/framework/src/Illuminate/Container/Container.php(598): Illuminate\Container\Container->build('config')
#2 /home/ubuntu/workspace/laravel-todomvc/vendor/laravel/framework/src/Illuminate/Container/Container.php(567): Illuminate\Container\Container->resolve('config')
#3 /home/ubuntu/workspace/laravel-todomvc/vendor/laravel/framework/src/Illuminate/Foundation/Application.php(708): Illuminate\Container\Container->make('config')
#4 /home/ubuntu/workspace/laravel-todomvc/vendor/laravel/framework/src/Illuminate/Foundation/helpers.php(107): Illuminate\Foundation\Application->make('config')
#5 /home/ubuntu/workspace/laravel-todomvc/vendo in /home/ubuntu/workspace/laravel-todomvc/vendor/laravel/framework/src/Illuminate/Container/Container.php on line 719
